  [1m[35m (0.1ms)[0m  [1m[34mSELECT sqlite_version(*)[0m
  ↳ bin/rails:9
  [1m[35m (6.9ms)[0m  [1m[35mCREATE TABLE "schema_migrations" ("version" varchar NOT NULL PRIMARY KEY)[0m
  ↳ bin/rails:9
  [1m[35m (4.7ms)[0m  [1m[35mCREATE TABLE "ar_internal_metadata" ("key" varchar NOT NULL PRIMARY KEY, "value" varchar, "created_at" datetime NOT NULL, "updated_at" datetime NOT NULL)[0m
  ↳ bin/rails:9
  [1m[35m (0.1ms)[0m  [1m[34mSELECT "schema_migrations"."version" FROM "schema_migrations" ORDER BY "schema_migrations"."version" ASC[0m
  ↳ bin/rails:9
Migrating to CreateMovies (20211027150522)
  [1m[35m (0.0ms)[0m  [1m[36mbegin transaction[0m
  ↳ bin/rails:9
  [1m[35m (0.2ms)[0m  [1m[35mCREATE TABLE "movies" ("id" integer PRIMARY KEY AUTOINCREMENT NOT NULL, "name" varchar, "year" integer, "genre" varchar, "synopsis" text, "director" varchar, "allocine_rating" float, "my_rating" integer, "already_seen" boolean, "created_at" datetime NOT NULL, "updated_at" datetime NOT NULL)[0m
  ↳ db/migrate/20211027150522_create_movies.rb:3
  [1m[36mActiveRecord::SchemaMigration Create (0.1ms)[0m  [1m[32mINSERT INTO "schema_migrations" ("version") VALUES (?)[0m  [["version", "20211027150522"]]
  ↳ bin/rails:9
  [1m[35m (4.9ms)[0m  [1m[36mcommit transaction[0m
  ↳ bin/rails:9
  [1m[36mActiveRecord::InternalMetadata Load (0.1ms)[0m  [1m[34mSELECT  "ar_internal_metadata".* FROM "ar_internal_metadata" WHERE "ar_internal_metadata"."key" = ? LIMIT ?[0m  [["key", "environment"], ["LIMIT", 1]]
  ↳ bin/rails:9
  [1m[35m (0.0ms)[0m  [1m[36mbegin transaction[0m
  ↳ bin/rails:9
  [1m[36mActiveRecord::InternalMetadata Create (0.2ms)[0m  [1m[32mINSERT INTO "ar_internal_metadata" ("key", "value", "created_at", "updated_at") VALUES (?, ?, ?, ?)[0m  [["key", "environment"], ["value", "development"], ["created_at", "2021-10-27 15:06:18.789275"], ["updated_at", "2021-10-27 15:06:18.789275"]]
  ↳ bin/rails:9
  [1m[35m (3.8ms)[0m  [1m[36mcommit transaction[0m
  ↳ bin/rails:9
  [1m[35m (0.1ms)[0m  [1m[34mSELECT "schema_migrations"."version" FROM "schema_migrations" ORDER BY "schema_migrations"."version" ASC[0m
  ↳ bin/rails:9
  [1m[35m (0.1ms)[0m  [1m[34mSELECT "schema_migrations"."version" FROM "schema_migrations" ORDER BY "schema_migrations"."version" ASC[0m
  ↳ bin/rails:9
  [1m[36mMovie Load (0.5ms)[0m  [1m[34mSELECT "movies".* FROM "movies"[0m
  [1m[35m (0.2ms)[0m  [1m[36mbegin transaction[0m
  [1m[36mMovie Create (0.7ms)[0m  [1m[32mINSERT INTO "movies" ("name", "created_at", "updated_at") VALUES (?, ?, ?)[0m  [["name", "Beowulf"], ["created_at", "2021-10-27 15:13:33.637949"], ["updated_at", "2021-10-27 15:13:33.637949"]]
  [1m[35m (8.7ms)[0m  [1m[36mcommit transaction[0m
  [1m[36mMovie Load (0.3ms)[0m  [1m[34mSELECT "movies".* FROM "movies"[0m
  [1m[35m (0.1ms)[0m  [1m[36mbegin transaction[0m
  [1m[36mMovie Update (0.5ms)[0m  [1m[33mUPDATE "movies" SET "year" = ?, "genre" = ?, "synopsis" = ?, "director" = ?, "allocine_rating" = ?, "my_rating" = ?, "already_seen" = ?, "updated_at" = ? WHERE "movies"."id" = ?[0m  [["year", 1999], ["genre", "action"], ["synopsis", "\nLa Terre a traverse de nombreuses crises et cataclysmes. Les hommes vivent dans la peur et dans l'obscurite car les tenebres voilent desormais la lumiere du soleil. Dans cet univers hostile, erre un homme maudit et solitaire, Beowulf, fruit des amours interdites d'une mortelle avec le diable. Pour vaincre le monstre qui est en lui, Beowulf doit combattre le mal. Son plus redoutable adversaire est une creature tapie dans les combles d'une forteresse. Invincible, d'une sauvagerie sans nom, elle tue quotidiennement puis disparait des l'aube."], ["director", "Graham Baker"], ["allocine_rating", 1.1], ["my_rating", 3], ["already_seen", 0], ["updated_at", "2021-10-27 15:19:02.605046"], ["id", 1]]
  [1m[35m (7.0ms)[0m  [1m[36mcommit transaction[0m
  [1m[36mMovie Load (0.3ms)[0m  [1m[34mSELECT "movies".* FROM "movies"[0m
  [1m[36mMovie Load (0.5ms)[0m  [1m[34mSELECT  "movies".* FROM "movies" ORDER BY "movies"."id" DESC LIMIT ?[0m  [["LIMIT", 1]]
  [1m[35m (0.1ms)[0m  [1m[36mbegin transaction[0m
  [1m[36mMovie Create (0.8ms)[0m  [1m[32mINSERT INTO "movies" ("name", "year", "genre", "synopsis", "director", "allocine_rating", "my_rating", "created_at", "updated_at") VALUES (?, ?, ?, ?, ?, ?, ?, ?, ?)[0m  [["name", "L'Exorciste"], ["year", 2001], ["genre", "horror"], ["synopsis", "L'actrice Chris McNeil est inquiète au sujet de sa fillette Regan : après que l'on ait entendu des bruits curieux venant de sa chambre, la petite a changé, proférant de constantes insanités. Une force para-normale l'habite, qui coûte la vie au metteur en scène de Chris. Désespérée, cette dernière fait appel à deux exorcistes... "], ["director", "William Friedkin"], ["allocine_rating", 4.0], ["my_rating", 2], ["created_at", "2021-10-27 15:22:17.569938"], ["updated_at", "2021-10-27 15:22:17.569938"]]
  [1m[35m (5.2ms)[0m  [1m[36mcommit transaction[0m
  [1m[36mMovie Load (0.3ms)[0m  [1m[34mSELECT  "movies".* FROM "movies" ORDER BY "movies"."id" DESC LIMIT ?[0m  [["LIMIT", 1]]
  [1m[36mMovie Load (0.1ms)[0m  [1m[34mSELECT  "movies".* FROM "movies" ORDER BY "movies"."id" DESC LIMIT ?[0m  [["LIMIT", 1]]
  [1m[35m (0.1ms)[0m  [1m[36mbegin transaction[0m
  [1m[36mMovie Create (0.3ms)[0m  [1m[32mINSERT INTO "movies" ("name", "year", "genre", "synopsis", "director", "allocine_rating", "my_rating", "already_seen", "created_at", "updated_at") VALUES (?, ?, ?, ?, ?, ?, ?, ?, ?, ?)[0m  [["name", "OSS 117, Le Caire nid d'espions"], ["year", 2006], ["genre", "humor"], ["synopsis", "Égypte, 1955, le Caire est un véritable nid d'espions.\n  Tout le monde se méfie de tout le monde, tout le monde complote contre tout le monde : Anglais, Français, Soviétiques, la famille du Roi déchu Farouk qui veut retrouver son trône, les Aigles de Kheops, secte religieuse qui veut prendre le pouvoir. Le Président de la République Française, Monsieur René Coty, envoie son arme maîtresse mettre de l'ordre dans cette pétaudière au bord du chaos : Hubert Bonisseur de la Bath, dit OSS 117."], ["director", "Michel Hazanavicius"], ["allocine_rating", 3.7], ["my_rating", 4], ["already_seen", 1], ["created_at", "2021-10-27 15:27:17.976433"], ["updated_at", "2021-10-27 15:27:17.976433"]]
  [1m[35m (4.7ms)[0m  [1m[36mcommit transaction[0m
  [1m[36mMovie Load (0.3ms)[0m  [1m[34mSELECT  "movies".* FROM "movies" ORDER BY "movies"."id" DESC LIMIT ?[0m  [["LIMIT", 1]]
  [1m[36mMovie Load (0.4ms)[0m  [1m[34mSELECT  "movies".* FROM "movies" LIMIT ?[0m  [["LIMIT", 11]]
  [1m[36mMovie Load (0.8ms)[0m  [1m[34mSELECT "movies".* FROM "movies"[0m
